This is MetaPost, Version 0.641 (MiKTeX 2.4) (preloaded mem=plain 2004.11.14)  7 APR 2006 17:50
**./graphes\intVector.mp
(./graphes\intVector.mp (W:\LocalTeXmfV24\metapost\metauml\metauml.mp
(\\ensae.fr\dfsgenes\Logiciels\MiKTeX\V-2.4\texmf\miktex\bin\..\..\metapost\bas
e\boxes.mp) (W:\LocalTeXmfV24\metapost\metauml\util_infrastructure.mp
(W:\LocalTeXmfV24\metapost\metauml\util_log.mp))
(W:\LocalTeXmfV24\metapost\metauml\util_object.mp
(W:\LocalTeXmfV24\metapost\metauml\util_infrastructure.mp)
(W:\LocalTeXmfV24\metapost\metauml\util_log.mp))
(W:\LocalTeXmfV24\metapost\metauml\util_commons.mp
(W:\LocalTeXmfV24\metapost\metauml\util_log.mp))
(W:\LocalTeXmfV24\metapost\metauml\util_margins.mp)
(W:\LocalTeXmfV24\metapost\metauml\util_picture.mp
(W:\LocalTeXmfV24\metapost\metauml\util_log.mp)
(W:\LocalTeXmfV24\metapost\metauml\util_margins.mp))
(W:\LocalTeXmfV24\metapost\metauml\util_group.mp
(W:\LocalTeXmfV24\metapost\metauml\util_object.mp)
(W:\LocalTeXmfV24\metapost\metauml\util_commons.mp)
(W:\LocalTeXmfV24\metapost\metauml\util_margins.mp)
(W:\LocalTeXmfV24\metapost\metauml\util_log.mp))
(W:\LocalTeXmfV24\metapost\metauml\util_picture_stack.mp
(W:\LocalTeXmfV24\metapost\metauml\util_picture.mp)
(W:\LocalTeXmfV24\metapost\metauml\util_commons.mp)
(W:\LocalTeXmfV24\metapost\metauml\util_group.mp)
(W:\LocalTeXmfV24\metapost\metauml\util_log.mp))
(W:\LocalTeXmfV24\metapost\metauml\util_positioning.mp
(W:\LocalTeXmfV24\metapost\metauml\util_log.mp))
(W:\LocalTeXmfV24\metapost\metauml\util_shade.mp
(W:\LocalTeXmfV24\metapost\metauml\util_log.mp))
(W:\LocalTeXmfV24\metapost\metauml\metauml_base.mp
(W:\LocalTeXmfV24\metapost\metauml\util_log.mp))
(W:\LocalTeXmfV24\metapost\metauml\metauml_links.mp)
(W:\LocalTeXmfV24\metapost\metauml\metauml_paths.mp)
(W:\LocalTeXmfV24\metapost\metauml\metauml_note.mp
(W:\LocalTeXmfV24\metapost\metauml\metauml_defaults.mp)
(W:\LocalTeXmfV24\metapost\metauml\util_log.mp)
(W:\LocalTeXmfV24\metapost\metauml\util_object.mp)
(W:\LocalTeXmfV24\metapost\metauml\util_picture_stack.mp)
(W:\LocalTeXmfV24\metapost\metauml\util_shade.mp)
(W:\LocalTeXmfV24\metapost\metauml\util_margins.mp))
(W:\LocalTeXmfV24\metapost\metauml\metauml_stereotype.mp
(W:\LocalTeXmfV24\metapost\metauml\metauml_defaults.mp))
(W:\LocalTeXmfV24\metapost\metauml\metauml_class_clipart.mp
(W:\LocalTeXmfV24\metapost\metauml\util_log.mp))
(W:\LocalTeXmfV24\metapost\metauml\metauml_class.mp
(W:\LocalTeXmfV24\metapost\metauml\metauml_defaults.mp)
(W:\LocalTeXmfV24\metapost\metauml\util_log.mp)
(W:\LocalTeXmfV24\metapost\metauml\util_picture.mp)
(W:\LocalTeXmfV24\metapost\metauml\util_picture_stack.mp)
(W:\LocalTeXmfV24\metapost\metauml\util_shade.mp))
(W:\LocalTeXmfV24\metapost\metauml\metauml_instance.mp
(W:\LocalTeXmfV24\metapost\metauml\metauml_defaults.mp)
(W:\LocalTeXmfV24\metapost\metauml\util_log.mp)
(W:\LocalTeXmfV24\metapost\metauml\util_picture.mp)
(W:\LocalTeXmfV24\metapost\metauml\util_picture_stack.mp)
(W:\LocalTeXmfV24\metapost\metauml\util_shade.mp))
(W:\LocalTeXmfV24\metapost\metauml\metauml_class_relations.mp)
(W:\LocalTeXmfV24\metapost\metauml\metauml_class_assoc.mp
(W:\LocalTeXmfV24\metapost\metauml\util_log.mp)
(W:\LocalTeXmfV24\metapost\metauml\metauml_defaults.mp))
(W:\LocalTeXmfV24\metapost\metauml\metauml_package.mp
(W:\LocalTeXmfV24\metapost\metauml\metauml_defaults.mp)
(W:\LocalTeXmfV24\metapost\metauml\util_log.mp))
(W:\LocalTeXmfV24\metapost\metauml\metauml_package_relations.mp)
(W:\LocalTeXmfV24\metapost\metauml\metauml_behavioral_common.mp
(W:\LocalTeXmfV24\metapost\metauml\util_log.mp))
(W:\LocalTeXmfV24\metapost\metauml\metauml_activity.mp
(W:\LocalTeXmfV24\metapost\metauml\metauml_defaults.mp)
(W:\LocalTeXmfV24\metapost\metauml\util_log.mp))
(W:\LocalTeXmfV24\metapost\metauml\metauml_state.mp
(W:\LocalTeXmfV24\metapost\metauml\metauml_defaults.mp)
(W:\LocalTeXmfV24\metapost\metauml\util_log.mp))
(W:\LocalTeXmfV24\metapost\metauml\metauml_usecase_clipart.mp
(W:\LocalTeXmfV24\metapost\metauml\util_log.mp))
(W:\LocalTeXmfV24\metapost\metauml\metauml_usecase.mp
(W:\LocalTeXmfV24\metapost\metauml\metauml_defaults.mp)
(W:\LocalTeXmfV24\metapost\metauml\util_log.mp))
(W:\LocalTeXmfV24\metapost\metauml\metauml_templates.mp
(W:\LocalTeXmfV24\metapost\metauml\metauml_defaults.mp)
(W:\LocalTeXmfV24\metapost\metauml\util_log.mp))) [1] )
1 output file written: intVector.1
